# JRE version: OpenJDK Runtime Environment Temurin-17.0.3+7 (17.0.3+7) (build 17.0.3+7)
# Java VM: OpenJDK 64-Bit Server VM Temurin-17.0.3+7 (17.0.3+7, mixed mode, tiered, compressed oops, compressed class ptrs, g1 gc, bsd-aarch64)
GC Precious Log:
 CPUs: 8 total, 8 available
 Memory: 8192M
 Large Page Support: Disabled
 NUMA Support: Disabled
 Compressed Oops: Enabled (Zero based)
 Heap Region Size: 1M
 Heap Min Capacity: 8M
 Heap Initial Capacity: 128M
 Heap Max Capacity: 2G
 Pre-touch: Disabled
 Parallel Workers: 8
 Concurrent Workers: 2
 Concurrent Refinement Workers: 8
 Periodic GC: Disabled
Heap:
 garbage-first heap   total 83968K, used 56223K [0x0000000780000000, 0x0000000800000000)
  region size 1024K, 20 young (20480K), 1 survivors (1024K)
 Metaspace       used 25346K, committed 25600K, reserved 1073152K
  class space    used 3386K, committed 3520K, reserved 1048576K
GC Heap History (14 events):
Event: 0.429 GC heap before
{Heap before GC invocations=0 (full 0):
 garbage-first heap   total 131072K, used 22528K [0x0000000780000000, 0x0000000800000000)
  region size 1024K, 23 young (23552K), 0 survivors (0K)
 Metaspace       used 13334K, committed 13504K, reserved 1064960K
  class space    used 1600K, committed 1664K, reserved 1048576K
}
Event: 0.431 GC heap after
{Heap after GC invocations=1 (full 0):
 garbage-first heap   total 131072K, used 3565K [0x0000000780000000, 0x0000000800000000)
  region size 1024K, 3 young (3072K), 3 survivors (3072K)
 Metaspace       used 13334K, committed 13504K, reserved 1064960K
  class space    used 1600K, committed 1664K, reserved 1048576K
}
Event: 29.594 GC heap before
{Heap before GC invocations=1 (full 0):
 garbage-first heap   total 131072K, used 36333K [0x0000000780000000, 0x0000000800000000)
  region size 1024K, 34 young (34816K), 3 survivors (3072K)
 Metaspace       used 21312K, committed 21504K, reserved 1073152K
  class space    used 2856K, committed 2944K, reserved 1048576K
}
Event: 29.600 GC heap after
{Heap after GC invocations=2 (full 0):
 garbage-first heap   total 131072K, used 9343K [0x0000000780000000, 0x0000000800000000)
  region size 1024K, 4 young (4096K), 4 survivors (4096K)
 Metaspace       used 21312K, committed 21504K, reserved 1073152K
  class space    used 2856K, committed 2944K, reserved 1048576K
}
Event: 29.696 GC heap before
{Heap before GC invocations=3 (full 0):
 garbage-first heap   total 37888K, used 30847K [0x0000000780000000, 0x0000000800000000)
  region size 1024K, 7 young (7168K), 4 survivors (4096K)
 Metaspace       used 21833K, committed 22080K, reserved 1073152K
  class space    used 2950K, committed 3072K, reserved 1048576K
}
Event: 29.698 GC heap after
{Heap after GC invocations=4 (full 0):
 garbage-first heap   total 37888K, used 26979K [0x0000000780000000, 0x0000000800000000)
  region size 1024K, 5 young (5120K), 5 survivors (5120K)
 Metaspace       used 21833K, committed 22080K, reserved 1073152K
  class space    used 2950K, committed 3072K, reserved 1048576K
}
Event: 29.708 GC heap before
{Heap before GC invocations=4 (full 0):
 garbage-first heap   total 37888K, used 28003K [0x0000000780000000, 0x0000000800000000)
  region size 1024K, 6 young (6144K), 5 survivors (5120K)
 Metaspace       used 22075K, committed 22336K, reserved 1073152K
  class space    used 3008K, committed 3136K, reserved 1048576K
}
Event: 29.711 GC heap after
{Heap after GC invocations=5 (full 0):
 garbage-first heap   total 37888K, used 27192K [0x0000000780000000, 0x0000000800000000)
  region size 1024K, 1 young (1024K), 1 survivors (1024K)
 Metaspace       used 22075K, committed 22336K, reserved 1073152K
  class space    used 3008K, committed 3136K, reserved 1048576K
}
Event: 31.580 GC heap before
{Heap before GC invocations=5 (full 0):
 garbage-first heap   total 37888K, used 31288K [0x0000000780000000, 0x0000000800000000)
  region size 1024K, 5 young (5120K), 1 survivors (1024K)
 Metaspace       used 23155K, committed 23360K, reserved 1073152K
  class space    used 3118K, committed 3200K, reserved 1048576K
}
Event: 31.582 GC heap after
{Heap after GC invocations=6 (full 0):
 garbage-first heap   total 37888K, used 27441K [0x0000000780000000, 0x0000000800000000)
  region size 1024K, 1 young (1024K), 1 survivors (1024K)
 Metaspace       used 23155K, committed 23360K, reserved 1073152K
  class space    used 3118K, committed 3200K, reserved 1048576K
}
Event: 38.210 GC heap before
{Heap before GC invocations=7 (full 0):
 garbage-first heap   total 48128K, used 30513K [0x0000000780000000, 0x0000000800000000)
  region size 1024K, 4 young (4096K), 1 survivors (1024K)
 Metaspace       used 23589K, committed 23808K, reserved 1073152K
  class space    used 3130K, committed 3264K, reserved 1048576K
}
Event: 38.211 GC heap after
{Heap after GC invocations=8 (full 0):
 garbage-first heap   total 83968K, used 27535K [0x0000000780000000, 0x0000000800000000)
  region size 1024K, 1 young (1024K), 1 survivors (1024K)
 Metaspace       used 23589K, committed 23808K, reserved 1073152K
  class space    used 3130K, committed 3264K, reserved 1048576K
}
Event: 41.697 GC heap before
{Heap before GC invocations=8 (full 0):
 garbage-first heap   total 83968K, used 35727K [0x0000000780000000, 0x0000000800000000)
  region size 1024K, 4 young (4096K), 1 survivors (1024K)
 Metaspace       used 23965K, committed 24192K, reserved 1073152K
  class space    used 3170K, committed 3264K, reserved 1048576K
}
Event: 41.699 GC heap after
{Heap after GC invocations=9 (full 0):
 garbage-first heap   total 83968K, used 33695K [0x0000000780000000, 0x0000000800000000)
  region size 1024K, 1 young (1024K), 1 survivors (1024K)
 Metaspace       used 23965K, committed 24192K, reserved 1073152K
  class space    used 3170K, committed 3264K, reserved 1048576K
}

